<?xml version="1.0" encoding="UTF-8"?>
<!-- Generated by org.testng.reporters.JUnitReportReporter -->
<testsuite hostname="Haribhau" failures="0" tests="1" name="testclass.staticDrodown_test" time="10.192" errors="0" timestamp="2023-04-24T23:30:33 IST" skipped="0">
  <testcase classname="testclass.staticDrodown_test" name="dropdownselect" time="10.192"/>
  <system-out/>
</testsuite> <!-- testclass.staticDrodown_test -->
