<?xml version="1.0" encoding="UTF-8"?>
<!-- Generated by org.testng.reporters.JUnitReportReporter -->
<testsuite hostname="Haribhau" failures="0" tests="1" name="testclass.autosuggest" time="11.978" errors="0" timestamp="2023-04-15T17:44:06 IST" skipped="0">
  <testcase classname="testclass.autosuggest" name="autosuggestionselect" time="11.978"/>
  <system-out/>
</testsuite> <!-- testclass.autosuggest -->
