<?xml version="1.0" encoding="UTF-8"?>
<!-- Generated by org.testng.reporters.JUnitReportReporter -->
<testsuite hostname="Haribhau" failures="0" tests="1" name="testclass.popup" time="5.079" errors="0" timestamp="2023-04-24T23:30:33 IST" skipped="0">
  <testcase classname="testclass.popup" name="popupclose" time="5.079"/>
  <system-out/>
</testsuite> <!-- testclass.popup -->
