<?xml version="1.0" encoding="UTF-8"?>
<!-- Generated by org.testng.reporters.JUnitReportReporter -->
<testsuite hostname="Haribhau" failures="0" tests="1" name="seleniumwebdriver.staticdropdown" time="15.386" errors="0" timestamp="2023-04-15T07:47:46 IST" skipped="0">
  <testcase classname="seleniumwebdriver.staticdropdown" name="selectmethod" time="15.386"/>
  <system-out/>
</testsuite> <!-- seleniumwebdriver.staticdropdown -->
