<?xml version="1.0" encoding="UTF-8"?>
<!-- Generated by org.testng.reporters.JUnitReportReporter -->
<testsuite hostname="Haribhau" failures="0" tests="1" name="testclass.scroll_drag_drop" time="7.836" errors="0" timestamp="2023-04-24T23:30:33 IST" skipped="0">
  <testcase classname="testclass.scroll_drag_drop" name="scroll_drag_dropTest" time="7.836"/>
  <system-out/>
</testsuite> <!-- testclass.scroll_drag_drop -->
