<?xml version="1.0" encoding="UTF-8"?>
<!-- Generated by org.testng.reporters.JUnitReportReporter -->
<testsuite hostname="Haribhau" failures="0" tests="1" name="testclass.calender_currentdateSelectTest" time="7.783" errors="0" timestamp="2023-04-24T23:30:33 IST" skipped="0">
  <testcase classname="testclass.calender_currentdateSelectTest" name="Currentdate_select" time="7.783"/>
  <system-out/>
</testsuite> <!-- testclass.calender_currentdateSelectTest -->
