<?xml version="1.0" encoding="UTF-8"?>
<!-- Generated by org.testng.reporters.JUnitReportReporter -->
<testsuite hostname="Haribhau" failures="0" tests="1" name="calender_Test.cal" time="16.164" errors="0" timestamp="2023-04-16T17:40:32 IST" skipped="0">
  <testcase classname="calender_Test.cal" name="calselect" time="16.164"/>
  <system-out/>
</testsuite> <!-- calender_Test.cal -->
