<?xml version="1.0" encoding="UTF-8"?>
<!-- Generated by org.testng.reporters.JUnitReportReporter -->
<testsuite hostname="Haribhau" failures="0" tests="1" name="testclass.calender_Test" time="14.800" errors="0" timestamp="2023-04-16T18:01:58 IST" skipped="0">
  <testcase classname="testclass.calender_Test" name="calselect" time="14.800"/>
  <system-out/>
</testsuite> <!-- testclass.calender_Test -->
