<?xml version="1.0" encoding="UTF-8"?>
<!-- Generated by org.testng.reporters.JUnitReportReporter -->
<testsuite hostname="Haribhau" failures="0" tests="1" name="testclass.test" time="17.591" errors="0" timestamp="2023-04-15T17:44:06 IST" skipped="0">
  <testcase classname="testclass.test" name="dropdownselect" time="17.591"/>
  <system-out/>
</testsuite> <!-- testclass.test -->
